{"file":"/home/idj/programming/golang/book-rent/book-rent-core/config/postgres_db.go:23","func":"github.com/idj1997/book-rent-core/config.OpenPostgresDB","level":"info","msg":"Connection opened to DB","time":"2020-12-31T18:28:38+01:00"}
{"file":"/home/idj/programming/golang/book-rent/book-rent-core/config/postgres_db.go:79","func":"github.com/idj1997/book-rent-core/config.MigratePostgresDB","level":"info","msg":"Migrated DB \n","time":"2020-12-31T18:28:38+01:00"}
{"file":"/home/idj/programming/golang/book-rent/book-rent-core/config/postgres_db.go:94","func":"github.com/idj1997/book-rent-core/config.InitPostgresDB","level":"info","msg":"Populated DB with ../init_test.sql","time":"2020-12-31T18:28:38+01:00"}
{"file":"/home/idj/programming/golang/book-rent/book-rent-core/config/postgres_db.go:61","func":"github.com/idj1997/book-rent-core/config.ClosePostgresDB","level":"info","msg":"Closed DB","time":"2020-12-31T18:28:38+01:00"}
x","time":"2020-12-31T18:27:03+01:00"}
{"file":"/home/idj/programming/golang/book-rent/book-rent-core/test/book_repo_integration_test.go:41","func":"github.com/idj1997/book-rent-core/test.(*BookRepoIntegrationTestSuite).TearDownTest","level":"info","msg":"ending tx","time":"2020-12-31T18:27:03+01:00"}
{"file":"/home/idj/programming/golang/book-rent/book-rent-core/test/book_repo_integration_test.go:34","func":"github.com/idj1997/book-rent-core/test.(*BookRepoIntegrationTestSuite).SetupTest","level":"info","msg":"starting tx","time":"2020-12-31T18:27:03+01:00"}
{"file":"/home/idj/programming/golang/book-rent/book-rent-core/test/book_repo_integration_test.go:41","func":"github.com/idj1997/book-rent-core/test.(*BookRepoIntegrationTestSuite).TearDownTest","level":"info","msg":"ending tx","time":"2020-12-31T18:27:03+01:00"}
{"file":"/home/idj/programming/golang/book-rent/book-rent-core/test/book_repo_integration_test.go:34","func":"github.com/idj1997/book-rent-core/test.(*BookRepoIntegrationTestSuite).SetupTest","level":"info","msg":"starting tx","time":"2020-12-31T18:27:03+01:00"}
{"file":"/home/idj/programming/golang/book-rent/book-rent-core/test/book_repo_integration_test.go:41","func":"github.com/idj1997/book-rent-core/test.(*BookRepoIntegrationTestSuite).TearDownTest","level":"info","msg":"ending tx","time":"2020-12-31T18:27:03+01:00"}
{"file":"/home/idj/programming/golang/book-rent/book-rent-core/test/book_repo_integration_test.go:34","func":"github.com/idj1997/book-rent-core/test.(*BookRepoIntegrationTestSuite).SetupTest","level":"info","msg":"starting tx","time":"2020-12-31T18:27:03+01:00"}
{"file":"/home/idj/programming/golang/book-rent/book-rent-core/test/book_repo_integration_test.go:41","func":"github.com/idj1997/book-rent-core/test.(*BookRepoIntegrationTestSuite).TearDownTest","level":"info","msg":"ending tx","time":"2020-12-31T18:27:03+01:00"}
{"file":"/home/idj/programming/golang/book-rent/book-rent-core/test/book_repo_integration_test.go:34","func":"github.com/idj1997/book-rent-core/test.(*BookRepoIntegrationTestSuite).SetupTest","level":"info","msg":"starting tx","time":"2020-12-31T18:27:03+01:00"}
{"file":"/home/idj/programming/golang/book-rent/book-rent-core/test/book_repo_integration_test.go:41","func":"github.com/idj1997/book-rent-core/test.(*BookRepoIntegrationTestSuite).TearDownTest","level":"info","msg":"ending tx","time":"2020-12-31T18:27:03+01:00"}
{"file":"/home/idj/programming/golang/book-rent/book-rent-core/test/book_repo_integration_test.go:34","func":"github.com/idj1997/book-rent-core/test.(*BookRepoIntegrationTestSuite).SetupTest","level":"info","msg":"starting tx","time":"2020-12-31T18:27:03+01:00"}
{"file":"/home/idj/programming/golang/book-rent/book-rent-core/test/book_repo_integration_test.go:41","func":"github.com/idj1997/book-rent-core/test.(*BookRepoIntegrationTestSuite).TearDownTest","level":"info","msg":"ending tx","time":"2020-12-31T18:27:03+01:00"}
{"file":"/home/idj/programming/golang/book-rent/book-rent-core/test/book_repo_integration_test.go:34","func":"github.com/idj1997/book-rent-core/test.(*BookRepoIntegrationTestSuite).SetupTest","level":"info","msg":"starting tx","time":"2020-12-31T18:27:03+01:00"}
{"file":"/home/idj/programming/golang/book-rent/book-rent-core/test/book_repo_integration_test.go:41","func":"github.com/idj1997/book-rent-core/test.(*BookRepoIntegrationTestSuite).TearDownTest","level":"info","msg":"ending tx","time":"2020-12-31T18:27:03+01:00"}
{"file":"/home/idj/programming/golang/book-rent/book-rent-core/test/book_repo_integration_test.go:34","func":"github.com/idj1997/book-rent-core/test.(*BookRepoIntegrationTestSuite).SetupTest","level":"info","msg":"starting tx","time":"2020-12-31T18:27:03+01:00"}
{"file":"/home/idj/programming/golang/book-rent/book-rent-core/test/book_repo_integration_test.go:41","func":"github.com/idj1997/book-rent-core/test.(*BookRepoIntegrationTestSuite).TearDownTest","level":"info","msg":"ending tx","time":"2020-12-31T18:27:03+01:00"}
{"file":"/home/idj/programming/golang/book-rent/book-rent-core/test/book_repo_integration_test.go:34","func":"github.com/idj1997/book-rent-core/test.(*BookRepoIntegrationTestSuite).SetupTest","level":"info","msg":"starting tx","time":"2020-12-31T18:27:03+01:00"}
{"file":"/home/idj/programming/golang/book-rent/book-rent-core/test/book_repo_integration_test.go:41","func":"github.com/idj1997/book-rent-core/test.(*BookRepoIntegrationTestSuite).TearDownTest","level":"info","msg":"ending tx","time":"2020-12-31T18:27:03+01:00"}
{"file":"/home/idj/programming/golang/book-rent/book-rent-core/test/book_repo_integration_test.go:34","func":"github.com/idj1997/book-rent-core/test.(*BookRepoIntegrationTestSuite).SetupTest","level":"info","msg":"starting tx","time":"2020-12-31T18:27:03+01:00"}
{"file":"/home/idj/programming/golang/book-rent/book-rent-core/test/book_repo_integration_test.go:41","func":"github.com/idj1997/book-rent-core/test.(*BookRepoIntegrationTestSuite).TearDownTest","level":"info","msg":"ending tx","time":"2020-12-31T18:27:03+01:00"}
{"file":"/home/idj/programming/golang/book-rent/book-rent-core/test/book_repo_integration_test.go:34","func":"github.com/idj1997/book-rent-core/test.(*BookRepoIntegrationTestSuite).SetupTest","level":"info","msg":"starting tx","time":"2020-12-31T18:27:03+01:00"}
{"file":"/home/idj/programming/golang/book-rent/book-rent-core/test/book_repo_integration_test.go:41","func":"github.com/idj1997/book-rent-core/test.(*BookRepoIntegrationTestSuite).TearDownTest","level":"info","msg":"ending tx","time":"2020-12-31T18:27:03+01:00"}
{"file":"/home/idj/programming/golang/book-rent/book-rent-core/test/book_repo_integration_test.go:34","func":"github.com/idj1997/book-rent-core/test.(*BookRepoIntegrationTestSuite).SetupTest","level":"info","msg":"starting tx","time":"2020-12-31T18:27:03+01:00"}
{"file":"/home/idj/programming/golang/book-rent/book-rent-core/test/book_repo_integration_test.go:41","func":"github.com/idj1997/book-rent-core/test.(*BookRepoIntegrationTestSuite).TearDownTest","level":"info","msg":"ending tx","time":"2020-12-31T18:27:03+01:00"}
{"file":"/home/idj/programming/golang/book-rent/book-rent-core/config/postgres_db.go:61","func":"github.com/idj1997/book-rent-core/config.ClosePostgresDB","level":"info","msg":"Closed DB","time":"2020-12-31T18:27:03+01:00"}
